{
  "0 debug pnpm:scope": {
    "selected": 1
  },
  "1 debug pnpm:package-manifest": {
    "initial": {},
    "prefix": "D:\\pnpm\\.pnpm-store\\v3\\tmp\\dlx-66512"
  },
  "2 debug pnpm:context": {
    "currentLockfileExists": false,
    "storeDir": "D:\\pnpm\\.pnpm-store\\v3",
    "virtualStoreDir": "D:\\pnpm\\.pnpm-store\\v3\\tmp\\dlx-66512\\node_modules\\.pnpm"
  },
  "3 debug pnpm:stage": {
    "prefix": "D:\\pnpm\\.pnpm-store\\v3\\tmp\\dlx-66512",
    "stage": "resolution_started"
  },
  "4 error pnpm": {
    "code": "ERR_PNPM_FETCH_404",
    "hint": "create-tauri is not in the npm registry, or you have no permission to fetch it.\n\nAn authorization header was used: Bearer npm_[hidden]",
    "request": {
      "authHeaderValue": "Bearer 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",
      "url": "https://registry.npmjs.org/create-tauri"
    },
    "response": {
      "size": 0
    },
    "pkgName": "create-tauri",
    "spec": {
      "fetchSpec": "latest",
      "name": "create-tauri",
      "type": "tag"
    },
    "pkgsStack": [],
    "err": {
      "name": "pnpm",
      "message": "GET https://registry.npmjs.org/create-tauri: Not Found - 404",
      "code": "ERR_PNPM_FETCH_404",
      "stack": "pnpm: GET https://registry.npmjs.org/create-tauri: Not Found - 404\n    at RetryOperation._fn (D:\\nvm\\v14.19.1\\node_modules\\pnpm\\dist\\pnpm.cjs:84419:19)\n    at processTicksAndRejections (internal/process/task_queues.js:95:5)"
    }
  }
}